[2025-08-15 14:48:58] === AUTOMATED MELT POOL MONITORING STARTED ===
[2025-08-15 14:48:58] Configuration:
[2025-08-15 14:48:58]   Processor directory: /users/PNS0496/badhon19/nist_am/ch06_5x5_bareplate/processor1
[2025-08-15 14:48:58]   Reconstruction directory: /users/PNS0496/badhon19/nist_am/ch06_5x5_bareplate
[2025-08-15 14:48:58]   VTK directory: /users/PNS0496/badhon19/nist_am/ch06_5x5_bareplate/testing/vtk
[2025-08-15 14:48:58]   Results directory: /users/PNS0496/badhon19/nist_am/ch06_5x5_bareplate/pythonvtk/melt_pool_results_automated
[2025-08-15 14:48:58]   Check interval: 30s
[2025-08-15 14:48:58]   Max runtime: 86400s (24h)
[2025-08-15 14:48:58] Setting up environment...
[2025-08-15 14:48:58] Current working directory: /users/PNS0496/badhon19/nist_am/ch06_5x5_bareplate/pythonvtk
[2025-08-15 14:48:58] Submit directory: /users/PNS0496/badhon19/nist_am/ch06_5x5_bareplate/pythonvtk
[2025-08-15 14:48:58] Results directory: /users/PNS0496/badhon19/nist_am/ch06_5x5_bareplate/pythonvtk/melt_pool_results_automated
[2025-08-15 14:48:58] Loaded python/3.12
[2025-08-15 14:48:58] scipy-stack not available
[2025-08-15 14:48:59] VTK module not available
[2025-08-15 14:48:59] Checking required packages...
[2025-08-15 14:49:18] All required packages available
[2025-08-15 14:49:18] Environment setup completed
[2025-08-15 14:49:18] Starting monitoring of /users/PNS0496/badhon19/nist_am/ch06_5x5_bareplate/processor1
[2025-08-15 14:49:18] Initial files found: 5
[2025-08-15 14:59:18] Monitoring... Runtime: 600s, Directories: 0
